<?xml version="1.0" encoding="UTF-8"?>
<!-- Generated by org.testng.reporters.JUnitXMLReporter -->
<testsuite ignored="0" hostname="Subashs-MacBook-Air.local" failures="0" tests="5" name="Surefire test" time="58.238" errors="0" timestamp="2026-07-07T21:07:51 EDT">
  <testcase classname="com.banking.tests.ui.BankingUiTests" name="balanceCheckShowsSeededAmount" time="3.88"/>
  <testcase classname="com.banking.tests.ui.BankingUiTests" name="invalidLoginShowsError" time="2.464"/>
  <testcase classname="com.banking.tests.ui.BankingUiTests" name="overdraftTransferShowsError" time="4.368"/>
  <testcase classname="com.banking.tests.ui.BankingUiTests" name="validLoginShowsDashboard" time="1.538"/>
  <testcase classname="com.banking.tests.ui.BankingUiTests" name="validTransferShowsSuccess" time="2.257"/>
</testsuite> <!-- Surefire test -->
