<?xml version="1.0" encoding="UTF-8"?>
<testsuite xmlns:xsi="http://www.w3.org/2001/XMLSchema-instance" xsi:noNamespaceSchemaLocation="https://maven.apache.org/surefire/maven-surefire-plugin/xsd/surefire-test-report-3.0.xsd" version="3.0" name="TestSuite" time="85.854" tests="54" errors="0" skipped="0" failures="3">
  <properties>
[...]
</properties>
  <testcase name="authCodeIsSingleUse" classname="com.banking.tests.api.AuthTests" time="0.157">
    <system-err><![CDATA[SLF4J: Failed to load class "org.slf4j.impl.StaticLoggerBinder".
SLF4J: Defaulting to no-operation (NOP) logger implementation
SLF4J: See http://www.slf4j.org/codes.html#StaticLoggerBinder for further details.
]]></system-err>
  </testcase>
  <testcase name="fullTwoLayerFlow" classname="com.banking.tests.api.AuthTests" time="0.196"/>
  <testcase name="loginWithMissingPassword" classname="com.banking.tests.api.AuthTests" time="0.044"/>
  <testcase name="loginWithValidCredentials" classname="com.banking.tests.api.AuthTests" time="0.05"/>
  <testcase name="loginWithWrongPassword" classname="com.banking.tests.api.AuthTests" time="0.037"/>
  <testcase name="protectedEndpointWithExpiredToken" classname="com.banking.tests.api.AuthTests" time="0.025"/>
  <testcase name="protectedEndpointWithGarbageToken" classname="com.banking.tests.api.AuthTests" time="0.022"/>
  <testcase name="protectedEndpointWithoutToken" classname="com.banking.tests.api.AuthTests" time="0.032"/>
  <testcase name="tokenWithInvalidCode" classname="com.banking.tests.api.AuthTests" time="0.031"/>
  <testcase name="tokenWithWrongGrantType" classname="com.banking.tests.api.AuthTests" time="0.019"/>
  <testcase name="balanceForFrozenAccount" classname="com.banking.tests.api.AccountTests" time="0.024"/>
  <testcase name="balanceForUnknownAccount" classname="com.banking.tests.api.AccountTests" time="0.026"/>
  <testcase name="balanceForValidAccount" classname="com.banking.tests.api.AccountTests" time="0.062"/>
  <testcase name="historyBadDateFormat" classname="com.banking.tests.api.AccountTests" time="0.056"/>
  <testcase name="historyDebitFilter" classname="com.banking.tests.api.AccountTests" time="0.046"/>
  <testcase name="historyInvalidDateRange" classname="com.banking.tests.api.AccountTests" time="0.024"/>
  <testcase name="historyPagination" classname="com.banking.tests.api.AccountTests" time="0.057"/>
  <testcase name="historyReturnsSeededTransactions" classname="com.banking.tests.api.AccountTests" time="0.043"/>
  <testcase name="currencyMismatch" classname="com.banking.tests.api.TransferTests" time="0.117"/>
  <testcase name="destinationAccountNotFound" classname="com.banking.tests.api.TransferTests" time="0.018"/>
  <testcase name="frozenSourceAccount" classname="com.banking.tests.api.TransferTests" time="0.02"/>
  <testcase name="idempotencyPreventsDoubleDebit" classname="com.banking.tests.api.TransferTests" time="0.074"/>
  <testcase name="insufficientFunds" classname="com.banking.tests.api.TransferTests" time="0.017"/>
  <testcase name="missingToAccount" classname="com.banking.tests.api.TransferTests" time="0.021"/>
  <testcase name="negativeAmount" classname="com.banking.tests.api.TransferTests" time="0.021"/>
  <testcase name="oneCentOverBalanceFails" classname="com.banking.tests.api.TransferTests" time="0.018"/>
  <testcase name="sameAccountTransfer" classname="com.banking.tests.api.TransferTests" time="0.03"/>
  <testcase name="sourceAccountNotFound" classname="com.banking.tests.api.TransferTests" time="0.021"/>
  <testcase name="threeDecimalPlaces" classname="com.banking.tests.api.TransferTests" time="0.019"/>
  <testcase name="transferExactFullBalance" classname="com.banking.tests.api.TransferTests" time="0.015"/>
  <testcase name="validTransferSucceeds" classname="com.banking.tests.api.TransferTests" time="0.063"/>
  <testcase name="zeroAmount" classname="com.banking.tests.api.TransferTests" time="0.042"/>
  <testcase name="depositExactlyAtLimit" classname="com.banking.tests.api.DepositTests" time="0.028"/>
  <testcase name="depositOverLimit" classname="com.banking.tests.api.DepositTests" time="0.032"/>
  <testcase name="depositToFrozenAccount" classname="com.banking.tests.api.DepositTests" time="0.017"/>
  <testcase name="depositToUnknownAccount" classname="com.banking.tests.api.DepositTests" time="0.025"/>
  <testcase name="depositWrongCurrency" classname="com.banking.tests.api.DepositTests" time="0.021"/>
  <testcase name="idempotencyPreventsDoubleCredit" classname="com.banking.tests.api.DepositTests" time="0.042"/>
  <testcase name="invalidDepositType" classname="com.banking.tests.api.DepositTests" time="0.018"/>
  <testcase name="negativeDepositAmount" classname="com.banking.tests.api.DepositTests" time="0.013"/>
  <testcase name="validDepositSucceeds" classname="com.banking.tests.api.DepositTests" time="0.124"/>
  <testcase name="frozenAccountCannotPay" classname="com.banking.tests.api.BillPaymentTests" time="0.038"/>
  <testcase name="idempotencyPreventsDoublePayment" classname="com.banking.tests.api.BillPaymentTests" time="0.029"/>
  <testcase name="insufficientFunds" classname="com.banking.tests.api.BillPaymentTests" time="0.029"/>
  <testcase name="listBillers" classname="com.banking.tests.api.BillPaymentTests" time="0.027"/>
  <testcase name="missingConsumerNumber" classname="com.banking.tests.api.BillPaymentTests" time="0.017"/>
  <testcase name="unknownBiller" classname="com.banking.tests.api.BillPaymentTests" time="0.022"/>
  <testcase name="validBillPaymentSucceeds" classname="com.banking.tests.api.BillPaymentTests" time="0.048"/>
  <testcase name="wrongCurrency" classname="com.banking.tests.api.BillPaymentTests" time="0.013"/>
  <testcase name="balanceCheckShowsSeededAmount" classname="com.banking.tests.ui.BankingUiTests" time="12.665">
    <failure message="Expected condition failed: waiting for com.banking.tests.ui.pages.DashboardPage$$Lambda/0x000000012d5a2670@6a1d1467 (tried for 10 second(s) with 500 milliseconds interval)&#10;Build info: version: &apos;4.18.1&apos;, revision: &apos;b1d3319b48&apos;&#10;System info: os.name: &apos;Mac OS X&apos;, os.arch: &apos;x86_64&apos;, os.version: &apos;26.5.1&apos;, java.version: &apos;22.0.1&apos;&#10;Driver info: org.openqa.selenium.chrome.ChromeDriver&#10;Capabilities {acceptInsecureCerts: false, browserName: chrome, browserVersion: 149.0.7827.201, chrome: {chromedriverVersion: 149.0.7827.155 (07b52360cc1..., userDataDir: /var/folders/l4/kp84sm3j5wb...}, fedcm:accounts: true, goog:chromeOptions: {debuggerAddress: localhost:61578}, goog:processID: 55928, networkConnectionEnabled: false, pageLoadStrategy: normal, platformName: mac, proxy: Proxy(), se:cdp: ws://localhost:61578/devtoo..., se:cdpVersion: 149.0.7827.201, setWindowRect: true, strictFileInteractability: false, timeouts: {implicit: 0, pageLoad: 300000, script: 30000}, unhandledPromptBehavior: dismiss and notify, webauthn:extension:credBlob: true, webauthn:extension:largeBlob: true, webauthn:extension:minPinLength: true, webauthn:extension:prf: true, webauthn:virtualAuthenticators: true}&#10;Session ID: 4ef420b663fcb21ccf27bcf6c16e1cc9" type="org.openqa.selenium.TimeoutException"><![CDATA[org.openqa.selenium.TimeoutException: 
Expected condition failed: waiting for com.banking.tests.ui.pages.DashboardPage$$Lambda/0x000000012d5a2670@6a1d1467 (tried for 10 second(s) with 500 milliseconds interval)
Build info: version: '4.18.1', revision: 'b1d3319b48'
System info: os.name: 'Mac OS X', os.arch: 'x86_64', os.version: '26.5.1', java.version: '22.0.1'
Driver info: org.openqa.selenium.chrome.ChromeDriver
Capabilities {acceptInsecureCerts: false, browserName: chrome, browserVersion: 149.0.7827.201, chrome: {chromedriverVersion: 149.0.7827.155 (07b52360cc1..., userDataDir: /var/folders/l4/kp84sm3j5wb...}, fedcm:accounts: true, goog:chromeOptions: {debuggerAddress: localhost:61578}, goog:processID: 55928, networkConnectionEnabled: false, pageLoadStrategy: normal, platformName: mac, proxy: Proxy(), se:cdp: ws://localhost:61578/devtoo..., se:cdpVersion: 149.0.7827.201, setWindowRect: true, strictFileInteractability: false, timeouts: {implicit: 0, pageLoad: 300000, script: 30000}, unhandledPromptBehavior: dismiss and notify, webauthn:extension:credBlob: true, webauthn:extension:largeBlob: true, webauthn:extension:minPinLength: true, webauthn:extension:prf: true, webauthn:virtualAuthenticators: true}
Session ID: 4ef420b663fcb21ccf27bcf6c16e1cc9
	at org.openqa.selenium.support.ui.WebDriverWait.timeoutException(WebDriverWait.java:84)
	at org.openqa.selenium.support.ui.FluentWait.until(FluentWait.java:228)
	at com.banking.tests.ui.pages.DashboardPage.checkBalance(DashboardPage.java:48)
	at com.banking.tests.ui.BankingUiTests.balanceCheckShowsSeededAmount(BankingUiTests.java:80)
	at java.base/jdk.internal.reflect.DirectMethodHandleAccessor.invoke(DirectMethodHandleAccessor.java:103)
	at java.base/java.lang.reflect.Method.invoke(Method.java:580)
	at org.testng.internal.invokers.MethodInvocationHelper.invokeMethod(MethodInvocationHelper.java:139)
	at org.testng.internal.invokers.TestInvoker.invokeMethod(TestInvoker.java:664)
	at org.testng.internal.invokers.TestInvoker.invokeTestMethod(TestInvoker.java:228)
	at org.testng.internal.invokers.MethodRunner.runInSequence(MethodRunner.java:63)
	at org.testng.internal.invokers.TestInvoker$MethodInvocationAgent.invoke(TestInvoker.java:961)
	at org.testng.internal.invokers.TestInvoker.invokeTestMethods(TestInvoker.java:201)
	at org.testng.internal.invokers.TestMethodWorker.invokeTestMethods(TestMethodWorker.java:148)
	at org.testng.internal.invokers.TestMethodWorker.run(TestMethodWorker.java:128)
	at java.base/java.util.ArrayList.forEach(ArrayList.java:1597)
	at org.testng.TestRunner.privateRun(TestRunner.java:819)
	at org.testng.TestRunner.run(TestRunner.java:619)
	at org.testng.SuiteRunner.runTest(SuiteRunner.java:443)
	at org.testng.SuiteRunner.runSequentially(SuiteRunner.java:437)
	at org.testng.SuiteRunner.privateRun(SuiteRunner.java:397)
	at org.testng.SuiteRunner.run(SuiteRunner.java:336)
	at org.testng.SuiteRunnerWorker.runSuite(SuiteRunnerWorker.java:52)
	at org.testng.SuiteRunnerWorker.run(SuiteRunnerWorker.java:95)
	at org.testng.TestNG.runSuitesSequentially(TestNG.java:1301)
	at org.testng.TestNG.runSuitesLocally(TestNG.java:1228)
	at org.testng.TestNG.runSuites(TestNG.java:1134)
	at org.testng.TestNG.run(TestNG.java:1101)
	at org.apache.maven.surefire.testng.TestNGExecutor.run(TestNGExecutor.java:308)
	at org.apache.maven.surefire.testng.TestNGXmlTestSuite.execute(TestNGXmlTestSuite.java:71)
	at org.apache.maven.surefire.testng.TestNGProvider.invoke(TestNGProvider.java:113)
	at org.apache.maven.surefire.booter.ForkedBooter.runSuitesInProcess(ForkedBooter.java:385)
	at org.apache.maven.surefire.booter.ForkedBooter.execute(ForkedBooter.java:162)
	at org.apache.maven.surefire.booter.ForkedBooter.run(ForkedBooter.java:507)
	at org.apache.maven.surefire.booter.ForkedBooter.main(ForkedBooter.java:495)
]]></failure>
    <system-err><![CDATA[Jul 07, 2026 8:27:01 PM org.openqa.selenium.devtools.CdpVersionFinder findNearestMatch
WARNING: Unable to find CDP implementation matching 149
Jul 07, 2026 8:27:01 PM org.openqa.selenium.chromium.ChromiumDriver lambda$new$5
WARNING: Unable to find version of CDP to use for 149.0.7827.201. You may need to include a dependency on a specific version of the CDP using something similar to `org.seleniumhq.selenium:selenium-devtools-v86:4.18.1` where the version ("v86") matches the version of the chromium-based browser you're using and the version number of the artifact is the same as Selenium's.
]]></system-err>
  </testcase>
  <testcase name="invalidLoginShowsError" classname="com.banking.tests.ui.BankingUiTests" time="2.052">
    <system-err><![CDATA[Jul 07, 2026 8:27:21 PM org.openqa.selenium.devtools.CdpVersionFinder findNearestMatch
WARNING: Unable to find CDP implementation matching 149
Jul 07, 2026 8:27:21 PM org.openqa.selenium.chromium.ChromiumDriver lambda$new$5
WARNING: Unable to find version of CDP to use for 149.0.7827.201. You may need to include a dependency on a specific version of the CDP using something similar to `org.seleniumhq.selenium:selenium-devtools-v86:4.18.1` where the version ("v86") matches the version of the chromium-based browser you're using and the version number of the artifact is the same as Selenium's.
]]></system-err>
  </testcase>
  <testcase name="overdraftTransferShowsError" classname="com.banking.tests.ui.BankingUiTests" time="12.55">
    <failure message="Expected condition failed: waiting for com.banking.tests.ui.pages.DashboardPage$$Lambda/0x000000012d5a8f48@97beeaf (tried for 10 second(s) with 500 milliseconds interval)&#10;Build info: version: &apos;4.18.1&apos;, revision: &apos;b1d3319b48&apos;&#10;System info: os.name: &apos;Mac OS X&apos;, os.arch: &apos;x86_64&apos;, os.version: &apos;26.5.1&apos;, java.version: &apos;22.0.1&apos;&#10;Driver info: org.openqa.selenium.chrome.ChromeDriver&#10;Capabilities {acceptInsecureCerts: false, browserName: chrome, browserVersion: 149.0.7827.201, chrome: {chromedriverVersion: 149.0.7827.155 (07b52360cc1..., userDataDir: /var/folders/l4/kp84sm3j5wb...}, fedcm:accounts: true, goog:chromeOptions: {debuggerAddress: localhost:61751}, goog:processID: 55985, networkConnectionEnabled: false, pageLoadStrategy: normal, platformName: mac, proxy: Proxy(), se:cdp: ws://localhost:61751/devtoo..., se:cdpVersion: 149.0.7827.201, setWindowRect: true, strictFileInteractability: false, timeouts: {implicit: 0, pageLoad: 300000, script: 30000}, unhandledPromptBehavior: dismiss and notify, webauthn:extension:credBlob: true, webauthn:extension:largeBlob: true, webauthn:extension:minPinLength: true, webauthn:extension:prf: true, webauthn:virtualAuthenticators: true}&#10;Session ID: 2d73252c21cf3869c52a94ae7370d50d" type="org.openqa.selenium.TimeoutException"><![CDATA[org.openqa.selenium.TimeoutException: 
Expected condition failed: waiting for com.banking.tests.ui.pages.DashboardPage$$Lambda/0x000000012d5a8f48@97beeaf (tried for 10 second(s) with 500 milliseconds interval)
Build info: version: '4.18.1', revision: 'b1d3319b48'
System info: os.name: 'Mac OS X', os.arch: 'x86_64', os.version: '26.5.1', java.version: '22.0.1'
Driver info: org.openqa.selenium.chrome.ChromeDriver
Capabilities {acceptInsecureCerts: false, browserName: chrome, browserVersion: 149.0.7827.201, chrome: {chromedriverVersion: 149.0.7827.155 (07b52360cc1..., userDataDir: /var/folders/l4/kp84sm3j5wb...}, fedcm:accounts: true, goog:chromeOptions: {debuggerAddress: localhost:61751}, goog:processID: 55985, networkConnectionEnabled: false, pageLoadStrategy: normal, platformName: mac, proxy: Proxy(), se:cdp: ws://localhost:61751/devtoo..., se:cdpVersion: 149.0.7827.201, setWindowRect: true, strictFileInteractability: false, timeouts: {implicit: 0, pageLoad: 300000, script: 30000}, unhandledPromptBehavior: dismiss and notify, webauthn:extension:credBlob: true, webauthn:extension:largeBlob: true, webauthn:extension:minPinLength: true, webauthn:extension:prf: true, webauthn:virtualAuthenticators: true}
Session ID: 2d73252c21cf3869c52a94ae7370d50d
	at org.openqa.selenium.support.ui.WebDriverWait.timeoutException(WebDriverWait.java:84)
	at org.openqa.selenium.support.ui.FluentWait.until(FluentWait.java:228)
	at com.banking.tests.ui.pages.DashboardPage.getTransferErrorMessage(DashboardPage.java:67)
	at com.banking.tests.ui.BankingUiTests.overdraftTransferShowsError(BankingUiTests.java:100)
	at java.base/jdk.internal.reflect.DirectMethodHandleAccessor.invoke(DirectMethodHandleAccessor.java:103)
	at java.base/java.lang.reflect.Method.invoke(Method.java:580)
	at org.testng.internal.invokers.MethodInvocationHelper.invokeMethod(MethodInvocationHelper.java:139)
	at org.testng.internal.invokers.TestInvoker.invokeMethod(TestInvoker.java:664)
	at org.testng.internal.invokers.TestInvoker.invokeTestMethod(TestInvoker.java:228)
	at org.testng.internal.invokers.MethodRunner.runInSequence(MethodRunner.java:63)
	at org.testng.internal.invokers.TestInvoker$MethodInvocationAgent.invoke(TestInvoker.java:961)
	at org.testng.internal.invokers.TestInvoker.invokeTestMethods(TestInvoker.java:201)
	at org.testng.internal.invokers.TestMethodWorker.invokeTestMethods(TestMethodWorker.java:148)
	at org.testng.internal.invokers.TestMethodWorker.run(TestMethodWorker.java:128)
	at java.base/java.util.ArrayList.forEach(ArrayList.java:1597)
	at org.testng.TestRunner.privateRun(TestRunner.java:819)
	at org.testng.TestRunner.run(TestRunner.java:619)
	at org.testng.SuiteRunner.runTest(SuiteRunner.java:443)
	at org.testng.SuiteRunner.runSequentially(SuiteRunner.java:437)
	at org.testng.SuiteRunner.privateRun(SuiteRunner.java:397)
	at org.testng.SuiteRunner.run(SuiteRunner.java:336)
	at org.testng.SuiteRunnerWorker.runSuite(SuiteRunnerWorker.java:52)
	at org.testng.SuiteRunnerWorker.run(SuiteRunnerWorker.java:95)
	at org.testng.TestNG.runSuitesSequentially(TestNG.java:1301)
	at org.testng.TestNG.runSuitesLocally(TestNG.java:1228)
	at org.testng.TestNG.runSuites(TestNG.java:1134)
	at org.testng.TestNG.run(TestNG.java:1101)
	at org.apache.maven.surefire.testng.TestNGExecutor.run(TestNGExecutor.java:308)
	at org.apache.maven.surefire.testng.TestNGXmlTestSuite.execute(TestNGXmlTestSuite.java:71)
	at org.apache.maven.surefire.testng.TestNGProvider.invoke(TestNGProvider.java:113)
	at org.apache.maven.surefire.booter.ForkedBooter.runSuitesInProcess(ForkedBooter.java:385)
	at org.apache.maven.surefire.booter.ForkedBooter.execute(ForkedBooter.java:162)
	at org.apache.maven.surefire.booter.ForkedBooter.run(ForkedBooter.java:507)
	at org.apache.maven.surefire.booter.ForkedBooter.main(ForkedBooter.java:495)
]]></failure>
    <system-err><![CDATA[Jul 07, 2026 8:27:30 PM org.openqa.selenium.devtools.CdpVersionFinder findNearestMatch
WARNING: Unable to find CDP implementation matching 149
Jul 07, 2026 8:27:30 PM org.openqa.selenium.chromium.ChromiumDriver lambda$new$5
WARNING: Unable to find version of CDP to use for 149.0.7827.201. You may need to include a dependency on a specific version of the CDP using something similar to `org.seleniumhq.selenium:selenium-devtools-v86:4.18.1` where the version ("v86") matches the version of the chromium-based browser you're using and the version number of the artifact is the same as Selenium's.
]]></system-err>
  </testcase>
  <testcase name="validLoginShowsDashboard" classname="com.banking.tests.ui.BankingUiTests" time="1.462">
    <system-err><![CDATA[Jul 07, 2026 8:27:50 PM org.openqa.selenium.devtools.CdpVersionFinder findNearestMatch
WARNING: Unable to find CDP implementation matching 149
Jul 07, 2026 8:27:50 PM org.openqa.selenium.chromium.ChromiumDriver lambda$new$5
WARNING: Unable to find version of CDP to use for 149.0.7827.201. You may need to include a dependency on a specific version of the CDP using something similar to `org.seleniumhq.selenium:selenium-devtools-v86:4.18.1` where the version ("v86") matches the version of the chromium-based browser you're using and the version number of the artifact is the same as Selenium's.
]]></system-err>
  </testcase>
  <testcase name="validTransferShowsSuccess" classname="com.banking.tests.ui.BankingUiTests" time="12.098">
    <failure message="Expected condition failed: waiting for com.banking.tests.ui.pages.DashboardPage$$Lambda/0x000000012d5a9188@3b42b729 (tried for 10 second(s) with 500 milliseconds interval)&#10;Build info: version: &apos;4.18.1&apos;, revision: &apos;b1d3319b48&apos;&#10;System info: os.name: &apos;Mac OS X&apos;, os.arch: &apos;x86_64&apos;, os.version: &apos;26.5.1&apos;, java.version: &apos;22.0.1&apos;&#10;Driver info: org.openqa.selenium.chrome.ChromeDriver&#10;Capabilities {acceptInsecureCerts: false, browserName: chrome, browserVersion: 149.0.7827.201, chrome: {chromedriverVersion: 149.0.7827.155 (07b52360cc1..., userDataDir: /var/folders/l4/kp84sm3j5wb...}, fedcm:accounts: true, goog:chromeOptions: {debuggerAddress: localhost:61910}, goog:processID: 56035, networkConnectionEnabled: false, pageLoadStrategy: normal, platformName: mac, proxy: Proxy(), se:cdp: ws://localhost:61910/devtoo..., se:cdpVersion: 149.0.7827.201, setWindowRect: true, strictFileInteractability: false, timeouts: {implicit: 0, pageLoad: 300000, script: 30000}, unhandledPromptBehavior: dismiss and notify, webauthn:extension:credBlob: true, webauthn:extension:largeBlob: true, webauthn:extension:minPinLength: true, webauthn:extension:prf: true, webauthn:virtualAuthenticators: true}&#10;Session ID: 972b48fd65b08f09bd743a6a9377cd42" type="org.openqa.selenium.TimeoutException"><![CDATA[org.openqa.selenium.TimeoutException: 
Expected condition failed: waiting for com.banking.tests.ui.pages.DashboardPage$$Lambda/0x000000012d5a9188@3b42b729 (tried for 10 second(s) with 500 milliseconds interval)
Build info: version: '4.18.1', revision: 'b1d3319b48'
System info: os.name: 'Mac OS X', os.arch: 'x86_64', os.version: '26.5.1', java.version: '22.0.1'
Driver info: org.openqa.selenium.chrome.ChromeDriver
Capabilities {acceptInsecureCerts: false, browserName: chrome, browserVersion: 149.0.7827.201, chrome: {chromedriverVersion: 149.0.7827.155 (07b52360cc1..., userDataDir: /var/folders/l4/kp84sm3j5wb...}, fedcm:accounts: true, goog:chromeOptions: {debuggerAddress: localhost:61910}, goog:processID: 56035, networkConnectionEnabled: false, pageLoadStrategy: normal, platformName: mac, proxy: Proxy(), se:cdp: ws://localhost:61910/devtoo..., se:cdpVersion: 149.0.7827.201, setWindowRect: true, strictFileInteractability: false, timeouts: {implicit: 0, pageLoad: 300000, script: 30000}, unhandledPromptBehavior: dismiss and notify, webauthn:extension:credBlob: true, webauthn:extension:largeBlob: true, webauthn:extension:minPinLength: true, webauthn:extension:prf: true, webauthn:virtualAuthenticators: true}
Session ID: 972b48fd65b08f09bd743a6a9377cd42
	at org.openqa.selenium.support.ui.WebDriverWait.timeoutException(WebDriverWait.java:84)
	at org.openqa.selenium.support.ui.FluentWait.until(FluentWait.java:228)
	at com.banking.tests.ui.pages.DashboardPage.getTransferSuccessMessage(DashboardPage.java:62)
	at com.banking.tests.ui.BankingUiTests.validTransferShowsSuccess(BankingUiTests.java:90)
	at java.base/jdk.internal.reflect.DirectMethodHandleAccessor.invoke(DirectMethodHandleAccessor.java:103)
	at java.base/java.lang.reflect.Method.invoke(Method.java:580)
	at org.testng.internal.invokers.MethodInvocationHelper.invokeMethod(MethodInvocationHelper.java:139)
	at org.testng.internal.invokers.TestInvoker.invokeMethod(TestInvoker.java:664)
	at org.testng.internal.invokers.TestInvoker.invokeTestMethod(TestInvoker.java:228)
	at org.testng.internal.invokers.MethodRunner.runInSequence(MethodRunner.java:63)
	at org.testng.internal.invokers.TestInvoker$MethodInvocationAgent.invoke(TestInvoker.java:961)
	at org.testng.internal.invokers.TestInvoker.invokeTestMethods(TestInvoker.java:201)
	at org.testng.internal.invokers.TestMethodWorker.invokeTestMethods(TestMethodWorker.java:148)
	at org.testng.internal.invokers.TestMethodWorker.run(TestMethodWorker.java:128)
	at java.base/java.util.ArrayList.forEach(ArrayList.java:1597)
	at org.testng.TestRunner.privateRun(TestRunner.java:819)
	at org.testng.TestRunner.run(TestRunner.java:619)
	at org.testng.SuiteRunner.runTest(SuiteRunner.java:443)
	at org.testng.SuiteRunner.runSequentially(SuiteRunner.java:437)
	at org.testng.SuiteRunner.privateRun(SuiteRunner.java:397)
	at org.testng.SuiteRunner.run(SuiteRunner.java:336)
	at org.testng.SuiteRunnerWorker.runSuite(SuiteRunnerWorker.java:52)
	at org.testng.SuiteRunnerWorker.run(SuiteRunnerWorker.java:95)
	at org.testng.TestNG.runSuitesSequentially(TestNG.java:1301)
	at org.testng.TestNG.runSuitesLocally(TestNG.java:1228)
	at org.testng.TestNG.runSuites(TestNG.java:1134)
	at org.testng.TestNG.run(TestNG.java:1101)
	at org.apache.maven.surefire.testng.TestNGExecutor.run(TestNGExecutor.java:308)
	at org.apache.maven.surefire.testng.TestNGXmlTestSuite.execute(TestNGXmlTestSuite.java:71)
	at org.apache.maven.surefire.testng.TestNGProvider.invoke(TestNGProvider.java:113)
	at org.apache.maven.surefire.booter.ForkedBooter.runSuitesInProcess(ForkedBooter.java:385)
	at org.apache.maven.surefire.booter.ForkedBooter.execute(ForkedBooter.java:162)
	at org.apache.maven.surefire.booter.ForkedBooter.run(ForkedBooter.java:507)
	at org.apache.maven.surefire.booter.ForkedBooter.main(ForkedBooter.java:495)
]]></failure>
    <system-err><![CDATA[Jul 07, 2026 8:27:56 PM org.openqa.selenium.devtools.CdpVersionFinder findNearestMatch
WARNING: Unable to find CDP implementation matching 149
Jul 07, 2026 8:27:56 PM org.openqa.selenium.chromium.ChromiumDriver lambda$new$5
WARNING: Unable to find version of CDP to use for 149.0.7827.201. You may need to include a dependency on a specific version of the CDP using something similar to `org.seleniumhq.selenium:selenium-devtools-v86:4.18.1` where the version ("v86") matches the version of the chromium-based browser you're using and the version number of the artifact is the same as Selenium's.
]]></system-err>
  </testcase>
</testsuite>