<?xml version="1.0" encoding="UTF-8"?>
<!-- Generated by org.testng.reporters.JUnitXMLReporter -->
<testsuite ignored="4" hostname="Subashs-MacBook-Air.local" failures="0" tests="49" name="API Regression" time="2.726" errors="0" timestamp="2026-07-07T20:26:50 EDT">
  <testcase classname="com.banking.tests.api.AuthTests" name="authCodeIsSingleUse" time="0.155"/>
  <testcase classname="com.banking.tests.api.AuthTests" name="fullTwoLayerFlow" time="0.195"/>
  <testcase classname="com.banking.tests.api.AuthTests" name="loginWithMissingPassword" time="0.046"/>
  <testcase classname="com.banking.tests.api.AuthTests" name="loginWithValidCredentials" time="0.049"/>
  <testcase classname="com.banking.tests.api.AuthTests" name="loginWithWrongPassword" time="0.036"/>
  <testcase classname="com.banking.tests.api.AuthTests" name="protectedEndpointWithExpiredToken" time="0.025"/>
  <testcase classname="com.banking.tests.api.AuthTests" name="protectedEndpointWithGarbageToken" time="0.021"/>
  <testcase classname="com.banking.tests.api.AuthTests" name="protectedEndpointWithoutToken" time="0.031"/>
  <testcase classname="com.banking.tests.api.AuthTests" name="tokenWithInvalidCode" time="0.031"/>
  <testcase classname="com.banking.tests.api.AuthTests" name="tokenWithWrongGrantType" time="0.02"/>
  <testcase classname="com.banking.tests.api.AccountTests" name="balanceForFrozenAccount" time="0.023"/>
  <testcase classname="com.banking.tests.api.AccountTests" name="balanceForUnknownAccount" time="0.025"/>
  <testcase classname="com.banking.tests.api.AccountTests" name="balanceForValidAccount" time="0.062"/>
  <testcase classname="com.banking.tests.api.AccountTests" name="historyBadDateFormat" time="0.056"/>
  <testcase classname="com.banking.tests.api.AccountTests" name="historyDebitFilter" time="0.047"/>
  <testcase classname="com.banking.tests.api.AccountTests" name="historyInvalidDateRange" time="0.024"/>
  <testcase classname="com.banking.tests.api.AccountTests" name="historyPagination" time="0.057"/>
  <testcase classname="com.banking.tests.api.AccountTests" name="historyReturnsSeededTransactions" time="0.043"/>
  <testcase classname="com.banking.tests.api.TransferTests" name="currencyMismatch" time="0.117"/>
  <testcase classname="com.banking.tests.api.TransferTests" name="destinationAccountNotFound" time="0.018"/>
  <testcase classname="com.banking.tests.api.TransferTests" name="frozenSourceAccount" time="0.013"/>
  <testcase classname="com.banking.tests.api.TransferTests" name="idempotencyPreventsDoubleDebit" time="0.075"/>
  <testcase classname="com.banking.tests.api.TransferTests" name="insufficientFunds" time="0.017"/>
  <testcase classname="com.banking.tests.api.TransferTests" name="missingToAccount" time="0.022"/>
  <testcase classname="com.banking.tests.api.TransferTests" name="negativeAmount" time="0.021"/>
  <testcase classname="com.banking.tests.api.TransferTests" name="oneCentOverBalanceFails" time="0.017"/>
  <testcase classname="com.banking.tests.api.TransferTests" name="sameAccountTransfer" time="0.029"/>
  <testcase classname="com.banking.tests.api.TransferTests" name="sourceAccountNotFound" time="0.021"/>
  <testcase classname="com.banking.tests.api.TransferTests" name="threeDecimalPlaces" time="0.021"/>
  <testcase classname="com.banking.tests.api.TransferTests" name="transferExactFullBalance" time="0.014"/>
  <testcase classname="com.banking.tests.api.TransferTests" name="validTransferSucceeds" time="0.062"/>
  <testcase classname="com.banking.tests.api.TransferTests" name="zeroAmount" time="0.042"/>
  <testcase classname="com.banking.tests.api.DepositTests" name="depositExactlyAtLimit" time="0.028"/>
  <testcase classname="com.banking.tests.api.DepositTests" name="depositOverLimit" time="0.031"/>
  <testcase classname="com.banking.tests.api.DepositTests" name="depositToFrozenAccount" time="0.016"/>
  <testcase classname="com.banking.tests.api.DepositTests" name="depositToUnknownAccount" time="0.025"/>
  <testcase classname="com.banking.tests.api.DepositTests" name="depositWrongCurrency" time="0.02"/>
  <testcase classname="com.banking.tests.api.DepositTests" name="idempotencyPreventsDoubleCredit" time="0.041"/>
  <testcase classname="com.banking.tests.api.DepositTests" name="invalidDepositType" time="0.019"/>
  <testcase classname="com.banking.tests.api.DepositTests" name="negativeDepositAmount" time="0.012"/>
  <testcase classname="com.banking.tests.api.DepositTests" name="validDepositSucceeds" time="0.124"/>
  <testcase classname="com.banking.tests.api.BillPaymentTests" name="frozenAccountCannotPay" time="0.038"/>
  <testcase classname="com.banking.tests.api.BillPaymentTests" name="idempotencyPreventsDoublePayment" time="0.03"/>
  <testcase classname="com.banking.tests.api.BillPaymentTests" name="insufficientFunds" time="0.027"/>
  <testcase classname="com.banking.tests.api.BillPaymentTests" name="listBillers" time="0.027"/>
  <testcase classname="com.banking.tests.api.BillPaymentTests" name="missingConsumerNumber" time="0.017"/>
  <testcase classname="com.banking.tests.api.BillPaymentTests" name="unknownBiller" time="0.02"/>
  <testcase classname="com.banking.tests.api.BillPaymentTests" name="validBillPaymentSucceeds" time="0.048"/>
  <testcase classname="com.banking.tests.api.BillPaymentTests" name="wrongCurrency" time="0.013"/>
  <testcase classname="com.banking.tests.base.BaseApiTest" name="@BeforeSuite suiteSetup" time="0.0">
    <ignored/>
  </testcase> <!-- @BeforeSuite suiteSetup -->
  <testcase classname="com.banking.tests.base.BaseApiTest" name="@BeforeSuite suiteSetup" time="0.0">
    <ignored/>
  </testcase> <!-- @BeforeSuite suiteSetup -->
  <testcase classname="com.banking.tests.base.BaseApiTest" name="@BeforeSuite suiteSetup" time="0.0">
    <ignored/>
  </testcase> <!-- @BeforeSuite suiteSetup -->
  <testcase classname="com.banking.tests.base.BaseApiTest" name="@BeforeSuite suiteSetup" time="0.0">
    <ignored/>
  </testcase> <!-- @BeforeSuite suiteSetup -->
</testsuite> <!-- API Regression -->
