<?xml version="1.0" encoding="UTF-8"?>
<!-- Generated by org.testng.reporters.JUnitXMLReporter -->
<testsuite ignored="0" hostname="Subashs-MacBook-Air.local" failures="3" tests="5" name="UI Regression" time="78.246" errors="0" timestamp="2026-07-07T20:28:09 EDT">
  <testcase classname="com.banking.tests.ui.BankingUiTests" name="balanceCheckShowsSeededAmount" time="12.645">
    <failure type="org.openqa.selenium.TimeoutException" message="Expected condition failed: waiting for com.banking.tests.ui.pages.DashboardPage$$Lambda/0x000000012d5a2670@6a1d1467 (tried for 10 second(s) with 500 milliseconds interval)
Build info: version: &amp;apos;4.18.1&amp;apos;, revision: &amp;apos;b1d3319b48&amp;apos;
System info: os.name: &amp;apos;Mac OS X&amp;apos;, os.arch: &amp;apos;x86_64&amp;apos;, os.version: &amp;apos;26.5.1&amp;apos;, java.version: &amp;apos;22.0.1&amp;apos;
Driver info: org.openqa.selenium.chrome.ChromeDriver
Capabilities {acceptInsecureCerts: false, browserName: chrome, browserVersion: 149.0.7827.201, chrome: {chromedriverVersion: 149.0.7827.155 (07b52360cc1..., userDataDir: /var/folders/l4/kp84sm3j5wb...}, fedcm:accounts: true, goog:chromeOptions: {debuggerAddress: localhost:61578}, goog:processID: 55928, networkConnectionEnabled: false, pageLoadStrategy: normal, platformName: mac, proxy: Proxy(), se:cdp: ws://localhost:61578/devtoo..., se:cdpVersion: 149.0.7827.201, setWindowRect: true, strictFileInteractability: false, timeouts: {implicit: 0, pageLoad: 300000, script: 30000}, unhandledPromptBehavior: dismiss and notify, webauthn:extension:credBlob: true, webauthn:extension:largeBlob: true, webauthn:extension:minPinLength: true, webauthn:extension:prf: true, webauthn:virtualAuthenticators: true}
Session ID: 4ef420b663fcb21ccf27bcf6c16e1cc9">
      <![CDATA[org.openqa.selenium.TimeoutException: Expected condition failed: waiting for com.banking.tests.ui.pages.DashboardPage$$Lambda/0x000000012d5a2670@6a1d1467 (tried for 10 second(s) with 500 milliseconds interval)
Build info: version: '4.18.1', revision: 'b1d3319b48'
System info: os.name: 'Mac OS X', os.arch: 'x86_64', os.version: '26.5.1', java.version: '22.0.1'
Driver info: org.openqa.selenium.chrome.ChromeDriver
Capabilities {acceptInsecureCerts: false, browserName: chrome, browserVersion: 149.0.7827.201, chrome: {chromedriverVersion: 149.0.7827.155 (07b52360cc1..., userDataDir: /var/folders/l4/kp84sm3j5wb...}, fedcm:accounts: true, goog:chromeOptions: {debuggerAddress: localhost:61578}, goog:processID: 55928, networkConnectionEnabled: false, pageLoadStrategy: normal, platformName: mac, proxy: Proxy(), se:cdp: ws://localhost:61578/devtoo..., se:cdpVersion: 149.0.7827.201, setWindowRect: true, strictFileInteractability: false, timeouts: {implicit: 0, pageLoad: 300000, script: 30000}, unhandledPromptBehavior: dismiss and notify, webauthn:extension:credBlob: true, webauthn:extension:largeBlob: true, webauthn:extension:minPinLength: true, webauthn:extension:prf: true, webauthn:virtualAuthenticators: true}
Session ID: 4ef420b663fcb21ccf27bcf6c16e1cc9
at org.openqa.selenium.support.ui.WebDriverWait.timeoutException(WebDriverWait.java:84)
at org.openqa.selenium.support.ui.FluentWait.until(FluentWait.java:228)
at com.banking.tests.ui.pages.DashboardPage.checkBalance(DashboardPage.java:48)
at com.banking.tests.ui.BankingUiTests.balanceCheckShowsSeededAmount(BankingUiTests.java:80)
at java.base/java.util.ArrayList.forEach(ArrayList.java:1597)
... Removed 29 stack frames]]>
    </failure>
  </testcase> <!-- balanceCheckShowsSeededAmount -->
  <testcase classname="com.banking.tests.ui.BankingUiTests" name="invalidLoginShowsError" time="2.06"/>
  <testcase classname="com.banking.tests.ui.BankingUiTests" name="overdraftTransferShowsError" time="12.541">
    <failure type="org.openqa.selenium.TimeoutException" message="Expected condition failed: waiting for com.banking.tests.ui.pages.DashboardPage$$Lambda/0x000000012d5a8f48@97beeaf (tried for 10 second(s) with 500 milliseconds interval)
Build info: version: &amp;apos;4.18.1&amp;apos;, revision: &amp;apos;b1d3319b48&amp;apos;
System info: os.name: &amp;apos;Mac OS X&amp;apos;, os.arch: &amp;apos;x86_64&amp;apos;, os.version: &amp;apos;26.5.1&amp;apos;, java.version: &amp;apos;22.0.1&amp;apos;
Driver info: org.openqa.selenium.chrome.ChromeDriver
Capabilities {acceptInsecureCerts: false, browserName: chrome, browserVersion: 149.0.7827.201, chrome: {chromedriverVersion: 149.0.7827.155 (07b52360cc1..., userDataDir: /var/folders/l4/kp84sm3j5wb...}, fedcm:accounts: true, goog:chromeOptions: {debuggerAddress: localhost:61751}, goog:processID: 55985, networkConnectionEnabled: false, pageLoadStrategy: normal, platformName: mac, proxy: Proxy(), se:cdp: ws://localhost:61751/devtoo..., se:cdpVersion: 149.0.7827.201, setWindowRect: true, strictFileInteractability: false, timeouts: {implicit: 0, pageLoad: 300000, script: 30000}, unhandledPromptBehavior: dismiss and notify, webauthn:extension:credBlob: true, webauthn:extension:largeBlob: true, webauthn:extension:minPinLength: true, webauthn:extension:prf: true, webauthn:virtualAuthenticators: true}
Session ID: 2d73252c21cf3869c52a94ae7370d50d">
      <![CDATA[org.openqa.selenium.TimeoutException: Expected condition failed: waiting for com.banking.tests.ui.pages.DashboardPage$$Lambda/0x000000012d5a8f48@97beeaf (tried for 10 second(s) with 500 milliseconds interval)
Build info: version: '4.18.1', revision: 'b1d3319b48'
System info: os.name: 'Mac OS X', os.arch: 'x86_64', os.version: '26.5.1', java.version: '22.0.1'
Driver info: org.openqa.selenium.chrome.ChromeDriver
Capabilities {acceptInsecureCerts: false, browserName: chrome, browserVersion: 149.0.7827.201, chrome: {chromedriverVersion: 149.0.7827.155 (07b52360cc1..., userDataDir: /var/folders/l4/kp84sm3j5wb...}, fedcm:accounts: true, goog:chromeOptions: {debuggerAddress: localhost:61751}, goog:processID: 55985, networkConnectionEnabled: false, pageLoadStrategy: normal, platformName: mac, proxy: Proxy(), se:cdp: ws://localhost:61751/devtoo..., se:cdpVersion: 149.0.7827.201, setWindowRect: true, strictFileInteractability: false, timeouts: {implicit: 0, pageLoad: 300000, script: 30000}, unhandledPromptBehavior: dismiss and notify, webauthn:extension:credBlob: true, webauthn:extension:largeBlob: true, webauthn:extension:minPinLength: true, webauthn:extension:prf: true, webauthn:virtualAuthenticators: true}
Session ID: 2d73252c21cf3869c52a94ae7370d50d
at org.openqa.selenium.support.ui.WebDriverWait.timeoutException(WebDriverWait.java:84)
at org.openqa.selenium.support.ui.FluentWait.until(FluentWait.java:228)
at com.banking.tests.ui.pages.DashboardPage.getTransferErrorMessage(DashboardPage.java:67)
at com.banking.tests.ui.BankingUiTests.overdraftTransferShowsError(BankingUiTests.java:100)
at java.base/java.util.ArrayList.forEach(ArrayList.java:1597)
... Removed 29 stack frames]]>
    </failure>
  </testcase> <!-- overdraftTransferShowsError -->
  <testcase classname="com.banking.tests.ui.BankingUiTests" name="validLoginShowsDashboard" time="1.47"/>
  <testcase classname="com.banking.tests.ui.BankingUiTests" name="validTransferShowsSuccess" time="12.1">
    <failure type="org.openqa.selenium.TimeoutException" message="Expected condition failed: waiting for com.banking.tests.ui.pages.DashboardPage$$Lambda/0x000000012d5a9188@3b42b729 (tried for 10 second(s) with 500 milliseconds interval)
Build info: version: &amp;apos;4.18.1&amp;apos;, revision: &amp;apos;b1d3319b48&amp;apos;
System info: os.name: &amp;apos;Mac OS X&amp;apos;, os.arch: &amp;apos;x86_64&amp;apos;, os.version: &amp;apos;26.5.1&amp;apos;, java.version: &amp;apos;22.0.1&amp;apos;
Driver info: org.openqa.selenium.chrome.ChromeDriver
Capabilities {acceptInsecureCerts: false, browserName: chrome, browserVersion: 149.0.7827.201, chrome: {chromedriverVersion: 149.0.7827.155 (07b52360cc1..., userDataDir: /var/folders/l4/kp84sm3j5wb...}, fedcm:accounts: true, goog:chromeOptions: {debuggerAddress: localhost:61910}, goog:processID: 56035, networkConnectionEnabled: false, pageLoadStrategy: normal, platformName: mac, proxy: Proxy(), se:cdp: ws://localhost:61910/devtoo..., se:cdpVersion: 149.0.7827.201, setWindowRect: true, strictFileInteractability: false, timeouts: {implicit: 0, pageLoad: 300000, script: 30000}, unhandledPromptBehavior: dismiss and notify, webauthn:extension:credBlob: true, webauthn:extension:largeBlob: true, webauthn:extension:minPinLength: true, webauthn:extension:prf: true, webauthn:virtualAuthenticators: true}
Session ID: 972b48fd65b08f09bd743a6a9377cd42">
      <![CDATA[org.openqa.selenium.TimeoutException: Expected condition failed: waiting for com.banking.tests.ui.pages.DashboardPage$$Lambda/0x000000012d5a9188@3b42b729 (tried for 10 second(s) with 500 milliseconds interval)
Build info: version: '4.18.1', revision: 'b1d3319b48'
System info: os.name: 'Mac OS X', os.arch: 'x86_64', os.version: '26.5.1', java.version: '22.0.1'
Driver info: org.openqa.selenium.chrome.ChromeDriver
Capabilities {acceptInsecureCerts: false, browserName: chrome, browserVersion: 149.0.7827.201, chrome: {chromedriverVersion: 149.0.7827.155 (07b52360cc1..., userDataDir: /var/folders/l4/kp84sm3j5wb...}, fedcm:accounts: true, goog:chromeOptions: {debuggerAddress: localhost:61910}, goog:processID: 56035, networkConnectionEnabled: false, pageLoadStrategy: normal, platformName: mac, proxy: Proxy(), se:cdp: ws://localhost:61910/devtoo..., se:cdpVersion: 149.0.7827.201, setWindowRect: true, strictFileInteractability: false, timeouts: {implicit: 0, pageLoad: 300000, script: 30000}, unhandledPromptBehavior: dismiss and notify, webauthn:extension:credBlob: true, webauthn:extension:largeBlob: true, webauthn:extension:minPinLength: true, webauthn:extension:prf: true, webauthn:virtualAuthenticators: true}
Session ID: 972b48fd65b08f09bd743a6a9377cd42
at org.openqa.selenium.support.ui.WebDriverWait.timeoutException(WebDriverWait.java:84)
at org.openqa.selenium.support.ui.FluentWait.until(FluentWait.java:228)
at com.banking.tests.ui.pages.DashboardPage.getTransferSuccessMessage(DashboardPage.java:62)
at com.banking.tests.ui.BankingUiTests.validTransferShowsSuccess(BankingUiTests.java:90)
at java.base/java.util.ArrayList.forEach(ArrayList.java:1597)
... Removed 29 stack frames]]>
    </failure>
  </testcase> <!-- validTransferShowsSuccess -->
</testsuite> <!-- UI Regression -->
