<?xml version="1.0" encoding="UTF-8"?>
<!-- Generated by org.testng.reporters.JUnitReportReporter -->
<testsuite hostname="Subashs-MacBook-Air.local" failures="0" tests="8" name="com.banking.tests.api.BillPaymentTests" time="0.287" errors="0" timestamp="2026-07-07T20:28:09 EDT" skipped="0">
  <testcase classname="com.banking.tests.api.BillPaymentTests" name="insufficientFunds" time="0.035"/>
  <testcase classname="com.banking.tests.api.BillPaymentTests" name="wrongCurrency" time="0.023"/>
  <testcase classname="com.banking.tests.api.BillPaymentTests" name="idempotencyPreventsDoublePayment" time="0.037"/>
  <testcase classname="com.banking.tests.api.BillPaymentTests" name="missingConsumerNumber" time="0.022"/>
  <testcase classname="com.banking.tests.api.BillPaymentTests" name="unknownBiller" time="0.027"/>
  <testcase classname="com.banking.tests.api.BillPaymentTests" name="listBillers" time="0.035"/>
  <testcase classname="com.banking.tests.api.BillPaymentTests" name="frozenAccountCannotPay" time="0.044"/>
  <testcase classname="com.banking.tests.api.BillPaymentTests" name="validBillPaymentSucceeds" time="0.064"/>
</testsuite> <!-- com.banking.tests.api.BillPaymentTests -->
