<?xml version="1.0" encoding="UTF-8"?>
<!-- Generated by org.testng.reporters.JUnitReportReporter -->
<testsuite hostname="Subashs-MacBook-Air.local" failures="0" tests="14" name="com.banking.tests.api.TransferTests" time="0.711" errors="0" timestamp="2026-07-07T20:28:09 EDT" skipped="0">
  <testcase classname="com.banking.tests.api.TransferTests" name="insufficientFunds" time="0.026"/>
  <testcase classname="com.banking.tests.api.TransferTests" name="frozenSourceAccount" time="0.035"/>
  <testcase classname="com.banking.tests.api.TransferTests" name="sourceAccountNotFound" time="0.029"/>
  <testcase classname="com.banking.tests.api.TransferTests" name="validTransferSucceeds" time="0.068"/>
  <testcase classname="com.banking.tests.api.TransferTests" name="zeroAmount" time="0.052"/>
  <testcase classname="com.banking.tests.api.TransferTests" name="transferExactFullBalance" time="0.025"/>
  <testcase classname="com.banking.tests.api.TransferTests" name="idempotencyPreventsDoubleDebit" time="0.085"/>
  <testcase classname="com.banking.tests.api.TransferTests" name="destinationAccountNotFound" time="0.032"/>
  <testcase classname="com.banking.tests.api.TransferTests" name="oneCentOverBalanceFails" time="0.028"/>
  <testcase classname="com.banking.tests.api.TransferTests" name="sameAccountTransfer" time="0.095"/>
  <testcase classname="com.banking.tests.api.TransferTests" name="negativeAmount" time="0.033"/>
  <testcase classname="com.banking.tests.api.TransferTests" name="missingToAccount" time="0.034"/>
  <testcase classname="com.banking.tests.api.TransferTests" name="threeDecimalPlaces" time="0.045"/>
  <testcase classname="com.banking.tests.api.TransferTests" name="currencyMismatch" time="0.124"/>
</testsuite> <!-- com.banking.tests.api.TransferTests -->
