<?xml version="1.0" encoding="UTF-8"?>
<!-- Generated by org.testng.reporters.JUnitReportReporter -->
<testsuite hostname="Subashs-MacBook-Air.local" failures="0" tests="8" name="com.banking.tests.api.AccountTests" time="0.442" errors="0" timestamp="2026-07-07T20:28:09 EDT" skipped="0">
  <testcase classname="com.banking.tests.api.AccountTests" name="historyBadDateFormat" time="0.064"/>
  <testcase classname="com.banking.tests.api.AccountTests" name="historyPagination" time="0.080"/>
  <testcase classname="com.banking.tests.api.AccountTests" name="historyDebitFilter" time="0.060"/>
  <testcase classname="com.banking.tests.api.AccountTests" name="balanceForUnknownAccount" time="0.039"/>
  <testcase classname="com.banking.tests.api.AccountTests" name="balanceForFrozenAccount" time="0.030"/>
  <testcase classname="com.banking.tests.api.AccountTests" name="historyInvalidDateRange" time="0.033"/>
  <testcase classname="com.banking.tests.api.AccountTests" name="historyReturnsSeededTransactions" time="0.065"/>
  <testcase classname="com.banking.tests.api.AccountTests" name="balanceForValidAccount" time="0.071"/>
</testsuite> <!-- com.banking.tests.api.AccountTests -->
