<?xml version="1.0" encoding="UTF-8"?>
<!-- Generated by org.testng.reporters.JUnitReportReporter -->
<testsuite hostname="Subashs-MacBook-Air.local" failures="0" tests="5" name="com.banking.tests.ui.BankingUiTests" time="57.419" errors="0" timestamp="2026-07-07T21:07:51 EDT" skipped="0">
  <testcase classname="com.banking.tests.ui.BankingUiTests" name="validTransferShowsSuccess" time="9.703"/>
  <testcase classname="com.banking.tests.ui.BankingUiTests" name="overdraftTransferShowsError" time="10.783"/>
  <testcase classname="com.banking.tests.ui.BankingUiTests" name="balanceCheckShowsSeededAmount" time="17.345"/>
  <testcase classname="com.banking.tests.ui.BankingUiTests" name="invalidLoginShowsError" time="9.912"/>
  <testcase classname="com.banking.tests.ui.BankingUiTests" name="validLoginShowsDashboard" time="9.676"/>
</testsuite> <!-- com.banking.tests.ui.BankingUiTests -->
