<?xml version="1.0" encoding="UTF-8"?>
<!-- Generated by org.testng.reporters.JUnitReportReporter -->
<testsuite hostname="Subashs-MacBook-Air.local" failures="0" tests="9" name="com.banking.tests.api.DepositTests" time="0.397" errors="0" timestamp="2026-07-07T20:28:09 EDT" skipped="0">
  <testcase classname="com.banking.tests.api.DepositTests" name="invalidDepositType" time="0.026"/>
  <testcase classname="com.banking.tests.api.DepositTests" name="validDepositSucceeds" time="0.131"/>
  <testcase classname="com.banking.tests.api.DepositTests" name="depositOverLimit" time="0.036"/>
  <testcase classname="com.banking.tests.api.DepositTests" name="negativeDepositAmount" time="0.028"/>
  <testcase classname="com.banking.tests.api.DepositTests" name="idempotencyPreventsDoubleCredit" time="0.050"/>
  <testcase classname="com.banking.tests.api.DepositTests" name="depositToFrozenAccount" time="0.031"/>
  <testcase classname="com.banking.tests.api.DepositTests" name="depositWrongCurrency" time="0.029"/>
  <testcase classname="com.banking.tests.api.DepositTests" name="depositToUnknownAccount" time="0.030"/>
  <testcase classname="com.banking.tests.api.DepositTests" name="depositExactlyAtLimit" time="0.036"/>
</testsuite> <!-- com.banking.tests.api.DepositTests -->
