<?xml version="1.0" encoding="UTF-8"?>
<!-- Generated by org.testng.reporters.JUnitReportReporter -->
<testsuite hostname="Subashs-MacBook-Air.local" failures="0" tests="10" name="com.banking.tests.api.AuthTests" time="0.781" errors="0" timestamp="2026-07-07T20:28:09 EDT" skipped="0">
  <testcase classname="com.banking.tests.api.AuthTests" name="protectedEndpointWithExpiredToken" time="0.042"/>
  <testcase classname="com.banking.tests.api.AuthTests" name="tokenWithInvalidCode" time="0.050"/>
  <testcase classname="com.banking.tests.api.AuthTests" name="authCodeIsSingleUse" time="0.165"/>
  <testcase classname="com.banking.tests.api.AuthTests" name="tokenWithWrongGrantType" time="0.033"/>
  <testcase classname="com.banking.tests.api.AuthTests" name="loginWithValidCredentials" time="0.059"/>
  <testcase classname="com.banking.tests.api.AuthTests" name="loginWithWrongPassword" time="0.058"/>
  <testcase classname="com.banking.tests.api.AuthTests" name="fullTwoLayerFlow" time="0.228"/>
  <testcase classname="com.banking.tests.api.AuthTests" name="protectedEndpointWithGarbageToken" time="0.041"/>
  <testcase classname="com.banking.tests.api.AuthTests" name="loginWithMissingPassword" time="0.060"/>
  <testcase classname="com.banking.tests.api.AuthTests" name="protectedEndpointWithoutToken" time="0.045"/>
</testsuite> <!-- com.banking.tests.api.AuthTests -->
